[19:02:55] [main/INFO] (FabricLoader/GameProvider) Loading Minecraft 1.18.1 with Fabric Loader 0.14.8
[19:02:55] [main/INFO] (FabricLoader) Loading 57 mods:
	- cloth-basic-math 0.6.0
	- cloth-config 6.1.48
	- fabric 0.46.6+1.18
	- fabric-api-base 0.4.2+d7c144a865
	- fabric-api-lookup-api-v1 1.5.3+d7c144a865
	- fabric-biome-api-v1 6.0.2+d7c144a865
	- fabric-blockrenderlayer-v1 1.1.10+3ac43d9565
	- fabric-command-api-v1 1.1.7+d7c144a865
	- fabric-commands-v0 0.2.6+b4f4f6cd65
	- fabric-containers-v0 0.1.19+d7c144a865
	- fabric-content-registries-v0 0.4.9+d7c144a865
	- fabric-crash-report-info-v1 0.1.9+3ac43d9565
	- fabric-data-generation-api-v1 1.1.4+d7c144a865
	- fabric-dimensions-v1 2.1.10+a1d9bbf565
	- fabric-entity-events-v1 1.4.6+d7c144a865
	- fabric-events-interaction-v0 0.4.17+d7c144a865
	- fabric-events-lifecycle-v0 0.2.9+d7c144a865
	- fabric-game-rule-api-v1 1.0.11+d7c144a865
	- fabric-gametest-api-v1 1.0.11+713c266865
	- fabric-item-api-v1 1.3.1+691a79b565
	- fabric-item-groups-v0 0.3.7+3ac43d9565
	- fabric-key-binding-api-v1 1.0.9+d7c144a865
	- fabric-keybindings-v0 0.2.7+b4f4f6cd65
	- fabric-lifecycle-events-v1 1.4.13+713c266865
	- fabric-loot-tables-v1 1.0.9+d7c144a865
	- fabric-mining-level-api-v1 1.0.7+d7c144a865
	- fabric-mining-levels-v0 0.1.12+b4f4f6cd65
	- fabric-models-v0 0.3.4+d7c144a865
	- fabric-networking-api-v1 1.0.19+d7c144a865
	- fabric-networking-v0 0.3.6+b4f4f6cd65
	- fabric-object-builder-api-v1 1.11.5+737332ce65
	- fabric-object-builders-v0 0.7.13+d7c144a865
	- fabric-particles-v1 0.2.10+526dc1ac65
	- fabric-registry-sync-v0 0.9.2+ad01bfbd65
	- fabric-renderer-api-v1 0.4.11+b0b66fc365
	- fabric-renderer-indigo 0.4.15+6825030165
	- fabric-renderer-registries-v1 3.2.10+b4f4f6cd65
	- fabric-rendering-data-attachment-v1 0.3.5+d7c144a865
	- fabric-rendering-fluids-v1 0.1.19+3ac43d9565
	- fabric-rendering-v0 1.1.12+b4f4f6cd65
	- fabric-rendering-v1 1.10.6+713c266865
	- fabric-resource-conditions-api-v1 1.0.2+d7c144a865
	- fabric-resource-loader-v0 0.4.15+8906aafd65
	- fabric-screen-api-v1 1.0.8+d7c144a865
	- fabric-screen-handler-api-v1 1.1.12+d7c144a865
	- fabric-structure-api-v1 2.1.3+d7c144a865
	- fabric-tag-extensions-v0 1.2.9+d7c144a865
	- fabric-textures-v0 1.0.10+3ac43d9565
	- fabric-tool-attribute-api-v1 1.3.9+fb3b57b465
	- fabric-transfer-api-v1 1.5.10+c329913d65
	- fabricloader 0.14.8
	- fabricshieldlib 1.5.0-1.18
	- java 17
	- minecraft 1.18.1
	- mm 2.3
	- modmenu 3.0.1
	- tut 0.0.1-1.1.8.1
[19:02:55] [main/INFO] (FabricLoader/Mixin) SpongePowered MIXIN Subsystem Version=0.8.5 Source=file:/C:/Users/email/.gradle/caches/modules-2/files-2.1/net.fabricmc/sponge-mixin/0.11.4+mixin.0.8.5/c1dc27696aa4006e492c2485c9ccbcb26045a971/sponge-mixin-0.11.4+mixin.0.8.5.jar Service=Knot/Fabric Env=CLIENT
[19:02:55] [main/INFO] (FabricLoader/Mixin) Loaded Fabric development mappings for mixin remapper!
[19:02:56] [main/INFO] (FabricLoader/Mixin) Compatibility level set to JAVA_16
[19:02:56] [main/INFO] (FabricLoader/Mixin) Compatibility level set to JAVA_17
[19:02:57] [main/WARN] (FileUtil) Configuration conflict: there is more than one oshi.properties file on the classpath
[19:02:57] [main/WARN] (FileUtil) Configuration conflict: there is more than one oshi.architecture.properties file on the classpath
[19:03:00] [main/WARN] (FabricLoader/Mixin) @Inject(@At("INVOKE")) Shift.BY=3 on fabric-lifecycle-events-v1.mixins.json:client.WorldChunkMixin from mod fabric-lifecycle-events-v1::handler$zig000$onLoadBlockEntity exceeds the maximum allowed value: 0. Increase the value of maxShiftBy to suppress this warning.
[19:03:03] [Render thread/INFO] (Minecraft) Environment: authHost='https://authserver.mojang.com', accountsHost='https://api.mojang.com', sessionHost='https://sessionserver.mojang.com', servicesHost='https://api.minecraftservices.com', name='PROD'
[19:03:03] [Render thread/ERROR] (Minecraft) Failed to verify authentication
com.mojang.authlib.exceptions.InvalidCredentialsException: Status: 401
	at com.mojang.authlib.exceptions.MinecraftClientHttpException.toAuthenticationException(MinecraftClientHttpException.java:56) ~[authlib-3.2.38.jar:?]
	at com.mojang.authlib.yggdrasil.YggdrasilUserApiService.fetchProperties(YggdrasilUserApiService.java:132) ~[authlib-3.2.38.jar:?]
	at com.mojang.authlib.yggdrasil.YggdrasilUserApiService.<init>(YggdrasilUserApiService.java:44) ~[authlib-3.2.38.jar:?]
	at com.mojang.authlib.yggdrasil.YggdrasilAuthenticationService.createUserApiService(YggdrasilAuthenticationService.java:153) ~[authlib-3.2.38.jar:?]
	at net.minecraft.client.MinecraftClient.createUserApiService(MinecraftClient.java:670) [minecraft-project-@-merged-named.jar:?]
	at net.minecraft.client.MinecraftClient.<init>(MinecraftClient.java:424) [minecraft-project-@-merged-named.jar:?]
	at net.minecraft.client.main.Main.main(Main.java:199) [minecraft-project-@-merged-named.jar:?]
	at net.fabricmc.loader.impl.game.minecraft.MinecraftGameProvider.launch(MinecraftGameProvider.java:461) [fabric-loader-0.14.8.jar:?]
	at net.fabricmc.loader.impl.launch.knot.Knot.launch(Knot.java:74) [fabric-loader-0.14.8.jar:?]
	at net.fabricmc.loader.impl.launch.knot.KnotClient.main(KnotClient.java:23) [fabric-loader-0.14.8.jar:?]
	at net.fabricmc.devlaunchinjector.Main.main(Main.java:86) [dev-launch-injector-0.2.1+build.8.jar:?]
Caused by: com.mojang.authlib.exceptions.MinecraftClientHttpException: Status: 401
	at com.mojang.authlib.minecraft.client.MinecraftClient.readInputStream(MinecraftClient.java:78) ~[authlib-3.2.38.jar:?]
	at com.mojang.authlib.minecraft.client.MinecraftClient.get(MinecraftClient.java:48) ~[authlib-3.2.38.jar:?]
	at com.mojang.authlib.yggdrasil.YggdrasilUserApiService.fetchProperties(YggdrasilUserApiService.java:113) ~[authlib-3.2.38.jar:?]
	... 9 more
[19:03:03] [Render thread/INFO] (Minecraft) Setting user: Player758
[19:03:04] [Render thread/INFO] (Minecraft) [STDOUT]: Registering Mod Items fortut
[19:03:04] [Render thread/INFO] (Minecraft) [STDOUT]: Registering Blocks for tut
[19:03:04] [Render thread/WARN] (fabricshieldlib) FABRIC SHIELD LIB DEVELOPMENT CODE RAN!!!, if you are not in a development environment this is very bad! Test items and test enchantments will be ingame!
[19:03:04] [Render thread/INFO] (fabricshieldlib) Fabric Shield Lib Initialized!
[19:03:04] [Render thread/INFO] (MM) Definitely not up to no good
[19:03:04] [Render thread/INFO] (Indigo) [Indigo] Registering Indigo renderer!
[19:03:05] [Render thread/WARN] (fabricshieldlib) FABRIC SHIELD LIB DEVELOPMENT CODE RAN!!!, if you are not in a development environment this is very bad! Client side banner code ran!
[19:03:05] [Render thread/INFO] (Minecraft) Backend library: LWJGL version 3.2.2 build 10
[19:03:10] [Render thread/INFO] (Minecraft) Narrator library for x64 successfully loaded
[19:03:11] [Render thread/INFO] (Minecraft) Reloading ResourceManager: Default, Fabric Mods (Fabric Structure API (v1), Fabric Crash Report Info (v1), Fabric Rendering (v0), Fabric Screen Handler API (v1), Fabric Networking API (v1), Fabric Loot Tables (v1), Fabric Events Lifecycle (v0), Fabric Loader, Fabric Content Registries (v0), Fabric Rendering (v1), Fabric Rendering Data Attachment (v1), Fabric Resource Conditions API (v1), Fabric Key Binding API (v1), Fabric Tool Attribute API (v1), Fabric Object Builders (v0), Skye's Learning mod, Fabric Renderer API (v1), Fabric Networking (v0), Fabric API, Cloth Config v6, Mod Menu, Fabric Mining Level API (v1), Fabric Transfer API (v1), Fabric Data Generation API (v1), Fabric Registry Sync (v0), Fabric Commands (v0), Fabric BlockRenderLayer Registration (v1), Fabric Game Test API (v1), Fabric Models (v0), Fabric Resource Loader (v0), Fabric Key Bindings (v0), Fabric Particles (v1), Fabric Renderer Registries (v1), Fabric Item API (v1), Fabric Screen API (v1), Fabric Tag Extensions (v0), Fabric Events Interaction (v0), Fabric Dimensions API (v1), Fabric Textures (v0), Fabric Renderer - Indigo, Fabric Game Rule API (v1), Fabric Item Groups (v0), Fabric Rendering Fluids (v1), Fabric Shield Lib, Fabric Mining Levels (v0), Fabric Command API (v1), Fabric Containers (v0), Fabric Lifecycle Events (v1), Fabric API Base, Fabric Object Builder API (v1), Fabric API Lookup API (v1), Manningham Mills, Fabric Biome API (v1), Fabric Entity Events (v1))
[19:03:11] [Render thread/INFO] (tut) This line is printed by an example mod mixin!
[19:03:11] [Realms Notification Availability checker #1/INFO] (Minecraft) Could not authorize you against Realms server: Invalid session id
[19:03:15] [Render thread/INFO] (Minecraft) OpenAL initialized on device OpenAL Soft on Speakers (Realtek(R) Audio)
[19:03:15] [Render thread/INFO] (Minecraft) Sound engine started
[19:03:15] [Render thread/INFO] (Minecraft) Created: 1024x1024x4 minecraft:textures/atlas/blocks.png-atlas
[19:03:15] [Render thread/INFO] (Minecraft) Created: 256x128x4 minecraft:textures/atlas/signs.png-atlas
[19:03:15] [Render thread/INFO] (Minecraft) Created: 1024x512x4 minecraft:textures/atlas/banner_patterns.png-atlas
[19:03:15] [Render thread/INFO] (Minecraft) Created: 1024x512x4 minecraft:textures/atlas/shield_patterns.png-atlas
[19:03:15] [Render thread/INFO] (Minecraft) Created: 256x256x4 minecraft:textures/atlas/chest.png-atlas
[19:03:15] [Render thread/INFO] (Minecraft) Created: 512x256x4 minecraft:textures/atlas/beds.png-atlas
[19:03:15] [Render thread/INFO] (Minecraft) Created: 512x256x4 minecraft:textures/atlas/shulker_boxes.png-atlas
[19:03:17] [Render thread/INFO] (Minecraft) Created: 256x256x0 minecraft:textures/atlas/particles.png-atlas
[19:03:17] [Render thread/INFO] (Minecraft) Created: 256x256x0 minecraft:textures/atlas/paintings.png-atlas
[19:03:17] [Render thread/INFO] (Minecraft) Created: 256x128x0 minecraft:textures/atlas/mob_effects.png-atlas
[19:03:17] [Render thread/INFO] (tut) This line is printed by an example mod mixin!
[19:03:47] [Render thread/INFO] (tut) This line is printed by an example mod mixin!
[19:03:49] [Render thread/WARN] (Minecraft) Ambiguity between arguments [teleport, location] and [teleport, destination] with inputs: [0.1 -0.5 .9, 0 0 0]
[19:03:49] [Render thread/WARN] (Minecraft) Ambiguity between arguments [teleport, location] and [teleport, targets] with inputs: [0.1 -0.5 .9, 0 0 0]
[19:03:49] [Render thread/WARN] (Minecraft) Ambiguity between arguments [teleport, destination] and [teleport, targets] with inputs: [Player, 0123, @e, dd12be42-52a9-4a91-a8a1-11c01849e498]
[19:03:49] [Render thread/WARN] (Minecraft) Ambiguity between arguments [teleport, targets] and [teleport, destination] with inputs: [Player, 0123, dd12be42-52a9-4a91-a8a1-11c01849e498]
[19:03:49] [Render thread/WARN] (Minecraft) Ambiguity between arguments [teleport, targets, location] and [teleport, targets, destination] with inputs: [0.1 -0.5 .9, 0 0 0]
[19:03:49] [Render thread/INFO] (Minecraft) Reloading ResourceManager: Default, Fabric Mods (Fabric Tool Attribute API (v1), Fabric Game Test API (v1), Fabric Shield Lib)
[19:03:49] [Render thread/INFO] (Minecraft) Loaded 7 recipes
[19:03:50] [Render thread/INFO] (Minecraft) Loaded 1141 advancements
[19:03:50] [Render thread/INFO] (Minecraft) Environment: authHost='https://authserver.mojang.com', accountsHost='https://api.mojang.com', sessionHost='https://sessionserver.mojang.com', servicesHost='https://api.minecraftservices.com', name='PROD'
[19:03:50] [Render thread/INFO] (BiomeModificationImpl) Applied 0 biome modifications to 0 of 61 new biomes in 3.052 ms
[19:03:50] [Server thread/INFO] (Minecraft) Starting integrated minecraft server version 1.18.1
[19:03:50] [Server thread/INFO] (Minecraft) Generating keypair
[19:03:51] [Server thread/INFO] (Minecraft) Preparing start region for dimension minecraft:overworld
[19:03:51] [Render thread/INFO] (Minecraft) Preparing spawn area: 0%
[19:03:51] [Render thread/INFO] (Minecraft) Preparing spawn area: 0%
[19:03:52] [Render thread/INFO] (Minecraft) Preparing spawn area: 3%
[19:03:52] [Render thread/INFO] (Minecraft) Preparing spawn area: 69%
[19:03:52] [Render thread/INFO] (Minecraft) Time elapsed: 1680 ms
[19:03:52] [Server thread/INFO] (Minecraft) Changing view distance to 12, from 10
[19:03:52] [Server thread/INFO] (Minecraft) Changing simulation distance to 12, from 0
[19:03:53] [Server thread/INFO] (Minecraft) Player758[local:E:91b6376d] logged in with entity id 17 at (-32.27807354537821, -60.0, 27.30142012389614)
[19:03:53] [Server thread/INFO] (Minecraft) Player758 joined the game
[19:03:53] [Render thread/INFO] (Minecraft) Loaded 3 advancements
[19:04:18] [Server thread/INFO] (Minecraft) [Player758: Set own game mode to Survival Mode]
[19:04:18] [Render thread/INFO] (Minecraft) [CHAT] Set own game mode to Survival Mode
[19:04:21] [Server thread/INFO] (Minecraft) [Player758: Summoned new Skeleton]
[19:04:21] [Render thread/INFO] (Minecraft) [CHAT] Summoned new Skeleton
[19:04:24] [Server thread/INFO] (Minecraft) [Player758: The difficulty has been set to Easy]
[19:04:24] [Render thread/INFO] (Minecraft) [CHAT] The difficulty has been set to Easy
[19:04:30] [Server thread/INFO] (Minecraft) [Player758: Summoned new Skeleton]
[19:04:30] [Render thread/INFO] (Minecraft) [CHAT] Summoned new Skeleton
[19:04:34] [Server thread/INFO] (Minecraft) Player758 has made the advancement [Not Today, Thank You]
[19:04:34] [Render thread/INFO] (Minecraft) [CHAT] Player758 has made the advancement [Not Today, Thank You]
[19:04:34] [Render thread/INFO] (Minecraft) Loaded 9 advancements
[19:04:58] [Server thread/INFO] (Minecraft) [Player758: The difficulty has been set to Peaceful]
[19:04:58] [Render thread/INFO] (Minecraft) [CHAT] The difficulty has been set to Peaceful
[19:07:51] [Render thread/INFO] (Minecraft) Stopping!
[19:07:51] [Server thread/INFO] (Minecraft) Player758 lost connection: Disconnected
[19:07:51] [Server thread/INFO] (Minecraft) Player758 left the game
[19:07:51] [Server thread/INFO] (Minecraft) Stopping singleplayer server as player logged out
[19:07:51] [Server thread/INFO] (Minecraft) Stopping server
[19:07:51] [Server thread/INFO] (Minecraft) Saving players
[19:07:51] [Server thread/INFO] (Minecraft) Saving worlds
[19:07:51] [Server thread/INFO] (Minecraft) Saving chunks for level 'ServerLevel[Dev world]'/minecraft:overworld
[19:07:52] [Server thread/INFO] (Minecraft) Saving chunks for level 'ServerLevel[Dev world]'/minecraft:the_nether
[19:07:52] [Server thread/INFO] (Minecraft) Saving chunks for level 'ServerLevel[Dev world]'/minecraft:the_end
[19:07:52] [Server thread/INFO] (Minecraft) ThreadedAnvilChunkStorage (Dev world): All chunks are saved
[19:07:52] [Server thread/INFO] (Minecraft) ThreadedAnvilChunkStorage (DIM-1): All chunks are saved
[19:07:52] [Server thread/INFO] (Minecraft) ThreadedAnvilChunkStorage (DIM1): All chunks are saved
[19:07:52] [Server thread/INFO] (Minecraft) ThreadedAnvilChunkStorage: All dimensions are saved
